2022-02-22 10:35:12 - root - INFO - [INFO] Using cuda
2022-02-22 10:35:12 - root - INFO - [INFO]      NVIDIA GeForce RTX 2080
2022-02-22 10:35:12 - root - INFO - [INFO] Caching the given dataset with 5 images and 5 masks
2022-02-22 10:35:12 - root - INFO - [INFO] Caching the given dataset with 104 images and 104 masks
2022-02-22 10:35:15 - root - INFO - [INFO] Starting training:
        Experiment name                  : _5_2_binary_mask_unet_EP_5_ES_10_BS_1_LR_0.0001_RS_2020
        Epochs number                    : 5
        Early stop val loss- wait epochs : 10
        Batch size                       : 1
        Learning rate                    : 0.0001
        Training dataset size            : 5
        Validation dataset size          : 104
        PyTorch random seed              : 2020
        Model input channels             : 1
        Model output channels            : 1
        Path to logs and ckps            : ..\..\experiments\_5_2_binary_mask_unet_EP_5_ES_10_BS_1_LR_0.0001_RS_2020
        Cross-validation                 : 0
    
2022-02-22 10:35:39 - root - INFO - [INFO] Epoch 0 took 0 h 0 min 24:
                Mean train loss          :  0.4989145338535309
                Mean val   loss          :  0.70217793320234

        
2022-02-22 10:35:39 - root - INFO - 
                    -- Evaluation of the model --
                    Dice                :  0.0

                    TP                  :  0.0
                    FP                  :  0.0
                    TN                  :  0.4325416271503155
                    FN                  :  0.5674583728496845

                    Precision           :  0.0
                    Recall              :  0.0
                    Accuracy            :  0.0
                    F1-score            :  0.0

            
2022-02-22 10:35:39 - root - INFO - 
                Best epoch 0 :
            
            
2022-02-22 10:35:56 - root - INFO - [INFO] Epoch 1 took 0 h 0 min 16:
                Mean train loss          :  0.3234852135181427
                Mean val   loss          :  0.8051280241746169

        
2022-02-22 10:35:56 - root - INFO - 
                    -- Evaluation of the model --
                    Dice                :  0.0

                    TP                  :  0.0
                    FP                  :  0.0
                    TN                  :  0.4325416271503155
                    FN                  :  0.5674583728496845

                    Precision           :  0.0
                    Recall              :  0.0
                    Accuracy            :  0.0
                    F1-score            :  0.0

            
2022-02-22 10:36:13 - root - INFO - [INFO] Epoch 2 took 0 h 0 min 17:
                Mean train loss          :  0.2639508217573166
                Mean val   loss          :  0.9151866848652179

        
2022-02-22 10:36:13 - root - INFO - 
                    -- Evaluation of the model --
                    Dice                :  0.0

                    TP                  :  0.0
                    FP                  :  0.0
                    TN                  :  0.4325416271503155
                    FN                  :  0.5674583728496845

                    Precision           :  0.0
                    Recall              :  0.0
                    Accuracy            :  0.0
                    F1-score            :  0.0

            
2022-02-22 10:36:30 - root - INFO - [INFO] Epoch 3 took 0 h 0 min 16:
                Mean train loss          :  0.2629854142665863
                Mean val   loss          :  1.054685576603963

        
2022-02-22 10:36:30 - root - INFO - 
                    -- Evaluation of the model --
                    Dice                :  0.0

                    TP                  :  0.0
                    FP                  :  0.0
                    TN                  :  0.4325416271503155
                    FN                  :  0.5674583728496845

                    Precision           :  0.0
                    Recall              :  0.0
                    Accuracy            :  0.0
                    F1-score            :  0.0

            
2022-02-22 10:36:47 - root - INFO - [INFO] Epoch 4 took 0 h 0 min 17:
                Mean train loss          :  0.23760260939598082
                Mean val   loss          :  1.1204421004423728

        
2022-02-22 10:36:47 - root - INFO - 
                    -- Evaluation of the model --
                    Dice                :  0.0

                    TP                  :  0.0
                    FP                  :  0.0
                    TN                  :  0.4325416271503155
                    FN                  :  0.5674583728496845

                    Precision           :  0.0
                    Recall              :  0.0
                    Accuracy            :  0.0
                    F1-score            :  0.0

            
2022-02-22 10:36:47 - root - INFO - [INFO] All cache deleted
2022-02-22 10:36:47 - root - INFO - [INFO] All cache deleted
2022-02-22 10:36:47 - root - INFO - [INFO] Testing the best model parameters ... 
2022-02-22 10:36:47 - root - INFO - [INFO] Caching the given dataset with 254 images and 254 masks
2022-02-22 10:37:29 - root - INFO - 
                -- Testing the best model --
                Test loss           :  0.6925177060243651
                Dice                :  1.9535015632680287e-10

                TP                  :  0.0
                FP                  :  0.0
                TN                  :  0.5065488514937754
                FN                  :  0.4934511485062246

                Precision           :  0.0
                Recall              :  0.0
                Accuracy            :  0.0
                F1-score            :  0.0

        
