2022-02-21 11:32:10 - root - INFO - [INFO] Using cuda
2022-02-21 11:32:10 - root - INFO - [INFO]      NVIDIA GeForce RTX 2080
2022-02-21 11:32:10 - root - INFO - [INFO] Caching the given dataset with 5 images and 5 masks
2022-02-21 11:32:10 - root - INFO - [INFO] Caching the given dataset with 104 images and 104 masks
2022-02-21 11:32:11 - root - INFO - [INFO] Starting training:
        Experiment name                  : _5_binary_mask_unet_EP_5_ES_10_BS_1_LR_0.0001_RS_2022
        Epochs number                    : 5
        Early stop val loss- wait epochs : 10
        Batch size                       : 1
        Learning rate                    : 0.0001
        Training dataset size            : 5
        Validation dataset size          : 104
        PyTorch random seed              : 2022
        Model input channels             : 1
        Model output channels            : 1
        Path to logs and ckps            : ..\..\experiments\_5_binary_mask_unet_EP_5_ES_10_BS_1_LR_0.0001_RS_2022
        Cross-validation                 : 0
    
2022-02-21 11:32:37 - root - INFO - [INFO] Epoch 0 took 0 h 0 min 25:
                Mean train loss          :  0.5400995254516602
                Mean val   loss          :  0.7131109358026431

        
2022-02-21 11:32:37 - root - INFO - 
                    -- Evaluation of the model --
                    Dice                :  0.0

                    TP                  :  0.0
                    FP                  :  0.0
                    TN                  :  0.4325416271503155
                    FN                  :  0.5674583728496845

                    Precision           :  0.0
                    Recall              :  0.0
                    Accuracy            :  0.0
                    F1-score            :  0.0

            
2022-02-21 11:32:37 - root - INFO - 
                Best epoch 0 :
            
            
2022-02-21 11:32:54 - root - INFO - [INFO] Epoch 1 took 0 h 0 min 17:
                Mean train loss          :  0.34340988993644717
                Mean val   loss          :  0.810636879159854

        
2022-02-21 11:32:54 - root - INFO - 
                    -- Evaluation of the model --
                    Dice                :  0.0

                    TP                  :  0.0
                    FP                  :  0.0
                    TN                  :  0.4325416271503155
                    FN                  :  0.5674583728496845

                    Precision           :  0.0
                    Recall              :  0.0
                    Accuracy            :  0.0
                    F1-score            :  0.0

            
2022-02-21 11:33:11 - root - INFO - [INFO] Epoch 2 took 0 h 0 min 17:
                Mean train loss          :  0.2702130377292633
                Mean val   loss          :  0.9146996593246093

        
2022-02-21 11:33:11 - root - INFO - 
                    -- Evaluation of the model --
                    Dice                :  0.0

                    TP                  :  0.0
                    FP                  :  0.0
                    TN                  :  0.4325416271503155
                    FN                  :  0.5674583728496845

                    Precision           :  0.0
                    Recall              :  0.0
                    Accuracy            :  0.0
                    F1-score            :  0.0

            
2022-02-21 11:33:28 - root - INFO - [INFO] Epoch 3 took 0 h 0 min 17:
                Mean train loss          :  0.26353018283843993
                Mean val   loss          :  1.0241980025401483

        
2022-02-21 11:33:28 - root - INFO - 
                    -- Evaluation of the model --
                    Dice                :  0.0

                    TP                  :  0.0
                    FP                  :  0.0
                    TN                  :  0.4325416271503155
                    FN                  :  0.5674583728496845

                    Precision           :  0.0
                    Recall              :  0.0
                    Accuracy            :  0.0
                    F1-score            :  0.0

            
2022-02-21 11:33:45 - root - INFO - [INFO] Epoch 4 took 0 h 0 min 17:
                Mean train loss          :  0.22323867678642273
                Mean val   loss          :  1.058846890926361

        
2022-02-21 11:33:45 - root - INFO - 
                    -- Evaluation of the model --
                    Dice                :  0.0

                    TP                  :  0.0
                    FP                  :  0.0
                    TN                  :  0.4325416271503155
                    FN                  :  0.5674583728496845

                    Precision           :  0.0
                    Recall              :  0.0
                    Accuracy            :  0.0
                    F1-score            :  0.0

            
2022-02-21 11:33:45 - root - INFO - [INFO] All cache deleted
2022-02-21 11:33:45 - root - INFO - [INFO] All cache deleted
2022-02-21 11:33:45 - root - INFO - [INFO] Testing the best model parameters ... 
2022-02-21 11:33:45 - root - INFO - [INFO] Caching the given dataset with 254 images and 254 masks
2022-02-21 11:34:25 - root - INFO - 
                -- Testing the best model --
                Test loss           :  0.6965783458995068
                Dice                :  1.9535015632680287e-10

                TP                  :  0.0
                FP                  :  0.0
                TN                  :  0.5065488514937754
                FN                  :  0.4934511485062246

                Precision           :  0.0
                Recall              :  0.0
                Accuracy            :  0.0
                F1-score            :  0.0

        
